{
  "stats": {
    "suites": 0,
    "tests": 1,
    "passes": 1,
    "pending": 0,
    "failures": 0,
    "start": "2023-07-30T12:58:24.653Z",
    "end": "2023-07-30T12:58:35.110Z",
    "duration": 10457,
    "testsRegistered": 1,
    "passPercent": 100,
    "pendingPercent": 0,
    "other": 0,
    "hasOther": false,
    "skipped": 0,
    "hasSkipped": false
  },
  "results": [
    {
      "uuid": "90a85d47-c571-4c74-bf6f-e4c6ae66957f",
      "title": "",
      "fullFile": "cypress\\e2e\\basic.cy.ts",
      "file": "cypress\\e2e\\basic.cy.ts",
      "beforeHooks": [],
      "afterHooks": [],
      "tests": [
        {
          "title": "google test",
          "fullTitle": "google test",
          "timedOut": null,
          "duration": 8133,
          "state": "passed",
          "speed": "medium",
          "pass": true,
          "fail": false,
          "pending": false,
          "context": null,
          "code": "cy.visit('https://google.com');\ncy.get('[name=\"q\"]').type('Automation step by step{enter}');\ncy.contains('Відео').click();",
          "err": {},
          "uuid": "27c9a898-4d30-4c76-9172-12b363ba5158",
          "parentUUID": "90a85d47-c571-4c74-bf6f-e4c6ae66957f",
          "isHook": false,
          "skipped": false
        }
      ],
      "suites": [],
      "passes": [
        "27c9a898-4d30-4c76-9172-12b363ba5158"
      ],
      "failures": [],
      "pending": [],
      "skipped": [],
      "duration": 8133,
      "root": true,
      "rootEmpty": false,
      "_timeout": 2000
    }
  ],
  "meta": {
    "mocha": {
      "version": "7.0.1"
    },
    "mochawesome": {
      "options": {
        "quiet": false,
        "reportFilename": "mochawesome",
        "saveHtml": false,
        "saveJson": true,
        "consoleReporter": "spec",
        "useInlineDiffs": false,
        "code": true
      },
      "version": "7.1.3"
    },
    "marge": {
      "options": {
        "charts": true,
        "overwrite": false,
        "html": false,
        "json": true,
        "reportDir": "cypress/report",
        "e2e": {
          "watchForFileChanges": true,
          "setupNodeEvents": "[Function setupNodeEvents]"
        }
      },
      "version": "6.2.0"
    }
  }
}