{
  "stats": {
    "suites": 0,
    "tests": 1,
    "passes": 1,
    "pending": 0,
    "failures": 0,
    "start": "2023-07-30T12:58:40.800Z",
    "end": "2023-07-30T12:58:43.362Z",
    "duration": 2562,
    "testsRegistered": 1,
    "passPercent": 100,
    "pendingPercent": 0,
    "other": 0,
    "hasOther": false,
    "skipped": 0,
    "hasSkipped": false
  },
  "results": [
    {
      "uuid": "a4fc750d-44a8-4ce1-8efb-d3b2cb3964d8",
      "title": "",
      "fullFile": "cypress\\e2e\\login.cy.ts",
      "file": "cypress\\e2e\\login.cy.ts",
      "beforeHooks": [],
      "afterHooks": [],
      "tests": [
        {
          "title": "this is login test",
          "fullTitle": "this is login test",
          "timedOut": null,
          "duration": 773,
          "state": "passed",
          "speed": "fast",
          "pass": true,
          "fail": false,
          "pending": false,
          "context": null,
          "code": "loginPage.navigate('https://trytestingthis.netlify.app/');\nloginPage.enterUserName('test');\nloginPage.enterPassword('test');\nloginPage.clickLogin();",
          "err": {},
          "uuid": "b3c78fa5-4238-4839-b1ae-3030efae1f4f",
          "parentUUID": "a4fc750d-44a8-4ce1-8efb-d3b2cb3964d8",
          "isHook": false,
          "skipped": false
        }
      ],
      "suites": [],
      "passes": [
        "b3c78fa5-4238-4839-b1ae-3030efae1f4f"
      ],
      "failures": [],
      "pending": [],
      "skipped": [],
      "duration": 773,
      "root": true,
      "rootEmpty": false,
      "_timeout": 2000
    }
  ],
  "meta": {
    "mocha": {
      "version": "7.0.1"
    },
    "mochawesome": {
      "options": {
        "quiet": false,
        "reportFilename": "mochawesome",
        "saveHtml": false,
        "saveJson": true,
        "consoleReporter": "spec",
        "useInlineDiffs": false,
        "code": true
      },
      "version": "7.1.3"
    },
    "marge": {
      "options": {
        "charts": true,
        "overwrite": false,
        "html": false,
        "json": true,
        "reportDir": "cypress/report",
        "e2e": {
          "watchForFileChanges": true,
          "setupNodeEvents": "[Function setupNodeEvents]"
        }
      },
      "version": "6.2.0"
    }
  }
}