{
  "stats": {
    "suites": 0,
    "tests": 1,
    "passes": 1,
    "pending": 0,
    "failures": 0,
    "start": "2023-07-30T12:58:17.327Z",
    "end": "2023-07-30T12:58:19.787Z",
    "duration": 2460,
    "testsRegistered": 1,
    "passPercent": 100,
    "pendingPercent": 0,
    "other": 0,
    "hasOther": false,
    "skipped": 0,
    "hasSkipped": false
  },
  "results": [
    {
      "uuid": "66b5c58d-1e36-47c4-9a9d-0b1bce36d106",
      "title": "",
      "fullFile": "cypress\\e2e\\assertion.cy.ts",
      "file": "cypress\\e2e\\assertion.cy.ts",
      "beforeHooks": [],
      "afterHooks": [],
      "tests": [
        {
          "title": "learning assertins",
          "fullTitle": "learning assertins",
          "timedOut": null,
          "duration": 824,
          "state": "passed",
          "speed": "fast",
          "pass": true,
          "fail": false,
          "pending": false,
          "context": null,
          "code": "cy.visit('https://example.cypress.io/');\ncy.contains('get').click();\ncy.get('#query-btn')\n    .should('contain', 'Button')\n    .should('have.class', 'query-btn')\n    .should('be.enabled');\ncy.get('#query-btn').invoke('attr', 'id')\n    .should('equal', 'query-btn');\ncy.get('#query-btn')\n    .should('contain', 'Button')\n    .and('have.class', 'query-btn');\n//Explicit assertions\n//expect\nexpect(false).to.be.false;\nlet name = \"Clown\";\nexpect(name).to.be.equal('Clown');\n//assert\nassert.equal(4, 4, 'Not equal');\nassert.strictEqual(4, 4, 'Not strictly equal');",
          "err": {},
          "uuid": "37abeedf-6b0d-44b5-ace5-7b5e968db129",
          "parentUUID": "66b5c58d-1e36-47c4-9a9d-0b1bce36d106",
          "isHook": false,
          "skipped": false
        }
      ],
      "suites": [],
      "passes": [
        "37abeedf-6b0d-44b5-ace5-7b5e968db129"
      ],
      "failures": [],
      "pending": [],
      "skipped": [],
      "duration": 824,
      "root": true,
      "rootEmpty": false,
      "_timeout": 2000
    }
  ],
  "meta": {
    "mocha": {
      "version": "7.0.1"
    },
    "mochawesome": {
      "options": {
        "quiet": false,
        "reportFilename": "mochawesome",
        "saveHtml": false,
        "saveJson": true,
        "consoleReporter": "spec",
        "useInlineDiffs": false,
        "code": true
      },
      "version": "7.1.3"
    },
    "marge": {
      "options": {
        "charts": true,
        "overwrite": false,
        "html": false,
        "json": true,
        "reportDir": "cypress/report",
        "e2e": {
          "watchForFileChanges": true,
          "setupNodeEvents": "[Function setupNodeEvents]"
        }
      },
      "version": "6.2.0"
    }
  }
}